<?xml version="1.0" encoding="UTF-8"?>
<testsuites tests="2" failures="1" errors="0" time="32.100853">
	<testsuite tests="2" failures="1" time="25.006000" name="coach_demon/tests/integration" timestamp="2025-04-26T18:04:47Z">
		<properties>
			<property name="go.version" value="go1.24.2 linux/amd64"></property>
		</properties>
		<testcase classname="coach_demon/tests/integration" name="TestLiveFetcher" time="20.020000">
			<failure message="Failed" type="">=== RUN   TestLiveFetcher&#xA;    fetcher_live_test.go:31: Fetch failed: context deadline exceeded&#xA;--- FAIL: TestLiveFetcher (20.02s)&#xA;</failure>
		</testcase>
		<testcase classname="coach_demon/tests/integration" name="TestLiveOpenAI" time="4.980000"></testcase>
	</testsuite>
</testsuites>