<?xml version="1.0" encoding="UTF-8"?>
<testsuites tests="2" failures="1" errors="0" time="23.691425">
	<testsuite tests="2" failures="1" time="16.260000" name="coach_demon/tests/integration" timestamp="2025-04-26T18:36:27Z">
		<properties>
			<property name="go.version" value="go1.24.2 linux/amd64"></property>
		</properties>
		<testcase classname="coach_demon/tests/integration" name="TestLiveFetcher" time="2.340000">
			<failure message="Failed" type="">=== RUN   TestLiveFetcher&#xA;    fetcher_live_test.go:34: Fetched empty HTML!&#xA;--- FAIL: TestLiveFetcher (2.34s)&#xA;</failure>
		</testcase>
		<testcase classname="coach_demon/tests/integration" name="TestLiveOpenAI" time="13.910000"></testcase>
	</testsuite>
</testsuites>